<?xml version="1.0" encoding="UTF-8"?>
<testsuite name="zoneddatetime.ZonedDateTimeAttributeExtensionsTest" tests="3" skipped="0" failures="0" errors="0" timestamp="2021-09-04T08:34:58" hostname="samsoomi.local" time="0.004">
  <properties/>
  <testcase name="given leap years, then should properly mark them as such()" classname="zoneddatetime.ZonedDateTimeAttributeExtensionsTest" time="0.001"/>
  <testcase name="given non-leap years, then should properly mark them as such()" classname="zoneddatetime.ZonedDateTimeAttributeExtensionsTest" time="0.001"/>
  <testcase name="given date A, then should properly describe its attributes()" classname="zoneddatetime.ZonedDateTimeAttributeExtensionsTest" time="0.0"/>
  <system-out><![CDATA[]]></system-out>
  <system-err><![CDATA[]]></system-err>
</testsuite>
