<?xml version="1.0" encoding="UTF-8"?>
<testsuite name="zoneddatetime.ZonedDateTimeTest" tests="2" skipped="0" failures="0" errors="0" timestamp="2021-09-04T08:34:58" hostname="samsoomi.local" time="0.001">
  <properties/>
  <testcase name="given date day month &amp; year, when converted to date, then should match attributes()" classname="zoneddatetime.ZonedDateTimeTest" time="0.001"/>
  <testcase name="given date day month year &amp; time, when converted to date, then should match attributes()" classname="zoneddatetime.ZonedDateTimeTest" time="0.0"/>
  <system-out><![CDATA[]]></system-out>
  <system-err><![CDATA[]]></system-err>
</testsuite>
